<?xml version="1.0" encoding="UTF-8"?>
<testng-results total="1" passed="1" failed="0" skipped="0">
  <reporter-output>
  </reporter-output>
  <suite started-at="2019-03-19T05:51:23Z" name="Suite" finished-at="2019-03-19T05:51:57Z" duration-ms="34109">
    <groups>
    </groups>
    <test started-at="2019-03-19T05:51:23Z" name="Cucumber Parallel Tests" finished-at="2019-03-19T05:51:23Z" duration-ms="7">
    </test> <!-- Cucumber Parallel Tests -->
    <test started-at="2019-03-19T05:51:23Z" name="Cucumber Parallel Tests1" finished-at="2019-03-19T05:51:57Z" duration-ms="34109">
      <class name="com.cucumber.parallel.cardekho.runners.Runner_newcar_outline_search_feature">
        <test-method signature="runCuke()[pri:0, instance:com.cucumber.parallel.cardekho.runners.Runner_newcar_outline_search_feature@399f45b1]" started-at="2019-03-19T11:21:23Z" name="runCuke" finished-at="2019-03-19T11:21:57Z" duration-ms="34087" status="PASS">
          <reporter-output>
          </reporter-output>
        </test-method> <!-- runCuke -->
      </class> <!-- com.cucumber.parallel.cardekho.runners.Runner_newcar_outline_search_feature -->
    </test> <!-- Cucumber Parallel Tests1 -->
  </suite> <!-- Suite -->
</testng-results>
