<?xml version="1.0" encoding="UTF-8"?>
<testng-results skipped="0" failed="0" total="1" passed="1">
  <reporter-output>
  </reporter-output>
  <suite name="Suite" duration-ms="25515" started-at="2019-01-20T07:30:59Z" finished-at="2019-01-20T07:31:25Z">
    <groups>
    </groups>
    <test name="Cucumber Parallel Tests" duration-ms="2" started-at="2019-01-20T07:30:59Z" finished-at="2019-01-20T07:30:59Z">
    </test> <!-- Cucumber Parallel Tests -->
    <test name="Cucumber Parallel Tests1" duration-ms="25515" started-at="2019-01-20T07:30:59Z" finished-at="2019-01-20T07:31:25Z">
      <class name="com.cucumber.parallel.cardekho.runners.Runner_newcar_outline_search_feature">
        <test-method status="PASS" signature="runCuke()[pri:0, instance:com.cucumber.parallel.cardekho.runners.Runner_newcar_outline_search_feature@6b143ee9]" name="runCuke" duration-ms="25504" started-at="2019-01-20T13:00:59Z" finished-at="2019-01-20T13:01:25Z">
          <reporter-output>
          </reporter-output>
        </test-method> <!-- runCuke -->
      </class> <!-- com.cucumber.parallel.cardekho.runners.Runner_newcar_outline_search_feature -->
    </test> <!-- Cucumber Parallel Tests1 -->
  </suite> <!-- Suite -->
</testng-results>
