<?xml version="1.0" encoding="UTF-8"?>
<testng-results skipped="0" failed="0" ignored="0" total="1" passed="1">
  <reporter-output>
  </reporter-output>
  <suite name="Suite" duration-ms="36826" started-at="2019-01-20T12:06:42Z" finished-at="2019-01-20T12:07:18Z">
    <groups>
    </groups>
    <test name="Cucumber Parallel Tests" duration-ms="18" started-at="2019-01-20T12:06:42Z" finished-at="2019-01-20T12:06:42Z">
    </test> <!-- Cucumber Parallel Tests -->
    <test name="Cucumber Parallel Tests1" duration-ms="36826" started-at="2019-01-20T12:06:42Z" finished-at="2019-01-20T12:07:18Z">
      <class name="com.cucumber.parallel.cardekho.runners.Runner_newcar_outline_search_feature">
        <test-method status="PASS" signature="runCuke()[pri:0, instance:com.cucumber.parallel.cardekho.runners.Runner_newcar_outline_search_feature@49993335]" name="runCuke" duration-ms="36753" started-at="2019-01-20T12:06:42Z" finished-at="2019-01-20T12:07:18Z">
          <reporter-output>
          </reporter-output>
        </test-method> <!-- runCuke -->
      </class> <!-- com.cucumber.parallel.cardekho.runners.Runner_newcar_outline_search_feature -->
    </test> <!-- Cucumber Parallel Tests1 -->
  </suite> <!-- Suite -->
</testng-results>
