<?xml version="1.0" encoding="UTF-8"?>
<testng-results skipped="0" failed="0" ignored="0" total="1" passed="1">
  <reporter-output>
  </reporter-output>
  <suite name="Suite" duration-ms="41637" started-at="2018-12-19T17:34:29Z" finished-at="2018-12-19T17:35:11Z">
    <groups>
    </groups>
    <test name="Cucumber Parallel Tests" duration-ms="41637" started-at="2018-12-19T17:34:29Z" finished-at="2018-12-19T17:35:11Z">
      <class name="com.cucumber.parallel.cardekho.runners.Runner_newcar_search_feature">
        <test-method status="PASS" signature="runCuke()[pri:0, instance:com.cucumber.parallel.cardekho.runners.Runner_newcar_search_feature@27c20538]" name="runCuke" duration-ms="41598" started-at="2018-12-19T17:34:29Z" finished-at="2018-12-19T17:35:11Z">
          <reporter-output>
          </reporter-output>
        </test-method> <!-- runCuke -->
      </class> <!-- com.cucumber.parallel.cardekho.runners.Runner_newcar_search_feature -->
    </test> <!-- Cucumber Parallel Tests -->
  </suite> <!-- Suite -->
</testng-results>
